	AB197193
AB234548
	AB329866
	AB453749
	AB453750
	AB453755
	AB453756
	AB606808
	AB606915
	AB606922
	AB694432
	AF333544
	AF333545
	AF355053
	AF507700
	AJ347033
	AJ567543
	AJ567560
	AJ567610
	AJ567611
	AJ567614
AM259916
AM259923
AM259930
AM259933
AM849589
AM849592
AM849593
AM849595
AM849597
AM849598
AM849599
AM849600
AM849601
AM849602
AM849604
AM849605
AM849606
AM905025
AM905026
AM905027
AM940129
	AM997293
	AM997309
	AM997339
	AM997411
	AM997432
	AM997436
	AM997444
	AM997469
	AM997470
	AM997485
	AM997507
	AM997760
	AM997878
	AM997891
	AM997919
	AM997969
AY466492
	AY485298
AY494702
	AY534091
	AY534092
	AY627520
	AY627528
	AY704386
	AY704388
C_009523
C_009767
C_010175
C_011831
C_012032
C_013524
C_017278
CM000745
CP000686
CP000804
CP000909
CP001337
CP001364
CP001824
CP003126
DQ269088
DQ269111
DQ269116
	DQ300598
	DQ300614
	DQ300615
		DQ869283
DQ869286
		DQ889888
		EF076065
EF076067
EF076074
EF076076
		EF076083
EF076096
		EF076100
		EF076101
EF076102
EF076103
EF076104
		EF076110
		EF076111
		EF076112
		EF076113
EF076116
EF076118
		EF076120
EF076127
		EF076128
EF076135
EF076149
EF076157
EF076159
EF076161
		EF076163
		EF076164
		EF076169
EF076170
EF076173
		EF076175
		EF076176
		EF076186
		EF076189
EF076190
EF076192
EF076197
EF076203
		EF076206
EF076219
EF076222
		EF076229
EF076231
EF076238
	EF159883
EF629705
EF629706
EF629707
EF629708
EF629709
EF629710
EF629711
EF629712
EF629713
EF629714
EF629715
EF629716
EF629717
EF629718
EF629719
EF629720
EF629721
EF629722
EF629723
EF629724
EF629725
EF629726
EF629727
EF629728
EF629729
EF629730
EF629731
EF629732
EF629733
EF629734
EF629735
EF629736
EF629737
EF629738
EF629739
EF629740
EF629741
EF629742
EF629743
EF629744
EF629745
EF629746
EF629747
EF629748
EF629749
EF629750
EF629751
EF629752
EF629753
EF629754
EF629755
EF629756
EF629757
EF629758
EF629759
EF629760
EF629761
EF629762
EF629763
EF629764
EF629765
EF629766
EF629767
EF629768
EF629769
EF629770
EF629771
EF629772
EF629773
EF630212
EF630213
EF630214
EF698548
EU203321
EU246818
EU265796
	EU491393
	EU795187
EU816801
EU816806
EU816814
	EU816817
EU816819
EU816820
EU816824
	EU816829
EU816833
EU816860
EU816862
EU818973
EU818992
EU818994
EU818996
EU819005
EU819006
EU819011
EU819014
EU819015
EU819016
EU819017
EU819019
EU819020
EU819021
EU819025
EU819027
EU819028
EU819030
EU819032
EU819037
EU819039
EU819040
EU819042
EU819043
EU819044
EU819048
EU819052
EU919079
FJ182105
FJ182106
FJ182107
FJ182108
FJ182109
FJ182110
FJ182111
FJ182112
FJ182113
FJ182114
FJ182115
FJ182116
FJ182117
FJ182118
FJ182119
FJ182120
FJ182121
FJ182122
FJ182123
FJ182124
FJ182125
FJ182126
	FJ205348
		FJ215379
		FJ215380
FJ215385
FJ215386
FJ215430
FJ215435
FJ215437
		FJ215439
FJ215451
FJ215453
FJ215471
FJ481218
FJ481219
FJ481220
FJ481221
FJ481222
FJ481223
FJ481224
FJ481225
FJ481226
FJ481227
FJ481228
FJ481229
FJ481230
FJ481231
FJ481232
FJ481233
FJ481234
FJ481235
FJ481236
FJ481237
FJ481238
		FJ481239
FJ481240
FJ481241
FJ481242
FJ481243
FJ481244
FJ481245
FJ481246
FJ481247
FJ481248
FJ481249
FJ481250
		FJ481251
FJ481252
FJ481253
FJ481254
FJ481255
FJ481256
FJ481257
FJ481258
FJ481259
FJ481260
FJ481261
FJ481262
FJ481263
FJ481264
FJ481265
FJ481266
FJ481267
FJ481268
FJ481269
FJ481270
FJ481271
FJ481272
FJ481273
FJ481274
FJ481275
FJ481276
FJ481277
FJ481278
FJ481279
FJ481280
FJ481281
FJ481282
FJ481283
FJ481284
FJ481285
FJ481286
FJ481287
FJ481288
FJ481289
FJ481290
FJ481291
FJ481292
FJ481293
FJ481294
FJ481295
FJ481296
FJ481297
FJ481298
FJ481299
FJ481300
FJ481301
FJ481302
FJ481303
FJ481304
FJ481305
FJ481306
FJ481307
FJ481308
FJ481309
FJ481310
FJ481311
FJ481312
FJ481313
FJ481314
FJ481315
FJ481316
FJ481317
FJ481318
FJ481319
FJ481320
FJ481321
FJ481322
FJ481323
FJ481324
FJ481325
FJ481326
FJ481327
FJ481328
FJ481329
FJ481330
FJ481331
FJ481332
FJ481333
FJ481334
FJ481335
FJ481336
FJ481337
FJ481338
FJ481339
FJ481340
FJ481341
FJ481342
FJ481343
		FJ481344
FJ481345
		FJ481346
FJ481347
FJ481348
FJ481349
FJ481350
FJ481351
FJ481352
FJ481353
		FJ481354
FJ481355
FJ481356
		FJ481357
FJ481358
FJ481359
FJ481360
FJ481361
FJ481362
		FJ481363
FJ481364
		FJ481365
FJ481366
FJ481367
FJ481368
FJ481369
FJ481370
FJ481371
		FJ481372
FJ481373
FJ481374
FJ481375
		FJ481376
FJ529259
FJ529267
FJ529269
FJ529278
FJ529283
		FJ529286
FJ529287
FJ529297
FJ529298
FJ529300
FJ529306
		FJ529310
		FJ529314
FJ529317
		FJ529321
FJ529326
		FJ529330
FJ529337
FJ529342
FJ529347
		FJ529348
FJ529349
FJ542867
FJ542887
FJ542929
FJ542931
FJ542942
FJ542963
FJ542998
FJ543013
FJ543019
FJ543022
FJ543034
FJ543035
FJ543072
FJ560485
	FJ900294
	FJ900340
	FJ900341
	FJ900342
	FJ900344
	FJ900575
	FJ900576
	FJ900577
	FJ900578
	FN553470
	FN553497
GQ244305
GQ244306
GQ244307
	GQ263976
	GQ337123
	GQ337174
	GQ337196
	GQ337207
	GQ337234
	GQ337238
	GQ337267
	GQ337314
GQ410438
	GQ425267
	GU118534
	GU118590
	GU118655
GU412739
	GU474876
	GU474918
GU732290
GU732291
GU826510
GU826518
GU826522
GU826523
GU826524
GU826525
GU826530
GU826534
GU826537
GU826538
GU826566
GU826567
GU971201
GU971202
GU971203
GU971204
GU971205
GU971206
GU971207
GU971208
GU971209
GU971210
GU971211
GU971212
GU971213
GU971214
GU971215
GU971216
GU971217
GU971218
GU971219
GU971220
GU971221
GU971222
GU971223
GU971224
GU971225
GU971226
GU971227
GU971228
GU971229
GU971230
GU971231
GU971232
GU971233
GU971234
GU971235
GU971236
GU971237
GU971238
GU971239
GU971240
GU971241
GU971242
GU971243
GU971244
GU971245
	GU981857
	GU981883
	GU981889
	GU981900
	GU981959
	GU981969
	GU981971
	GU981973
	GU981974
	GU981978
	GU981989
	GU981990
	GU982003
	GU982007
	GU982012
	GU982013
	GU982017
	GU982024
	GU982036
	GU982038
	GU982041
	GU982046
	GU982048
	GU982051
	GU982058
	GU982061
	GU982064
	GU982066
	GU982072
	GU982076
	GU982078
	GU982081
	GU982084
	GU982091
	GU982096
	GU982098
	GU982117
	GU982159
	GU982164
	GU982177
	GU982178
	GU982180
	GU982181
	GU982182
	GU982184
HE648186
	HE817791
	HE817804
	HE817837
	HE817850
	HE817868
HE974902
HM105037
	HM185890
	HM186634
	HM186750
	HM187000
	HM187028
	HM187037
	HM187366
	HM187431
HM453882
HM474939
HM474942
HM474943
HM474954
HM474967
HM474971
	HM799037
HQ018086
HQ018336
HQ018422
HQ018427
HQ018445
HQ018449
	HQ201613
	HQ201617
	HQ201619
	HQ433410
	HQ433422
	HQ652523
	HQ672781
	HQ672805
	HQ673972
	HQ674099
	HQ674142
	HQ674298
	HQ674551
	HQ721422
	HQ721447
	HQ721459
	HQ721461
HQ727099
JF319166
JF319167
JF319217
JF319218
JF319257
JF319289
JF733425
JF733430
JF733459
JF776882
JF776937
JF776947
JF776960
	JF809718
	JF809732
	JF809734
	JF809737
	JF809742
	JF809783
	JF809789
	JN018783
	JN018804
	JN018807
	JN018817
	JN018824
	JN018838
	JN018843
	JN018934
	JN018942
	JN018977
	JN019009
	JN037994
	JN037995
JN106610
JN106621
JN106653
	JN166279
	JN166344
JN210583
JN210584
JN210592
JN210593
JN210594
JN210599
JN210600
JN210601
		JN210602
		JN210603
JN210604
JN210605
		JN210606
		JN210607
JN210608
JN210609
JN210610
JN210611
JN210612
JN210613
JN210614
JN210615
JN210616
JN210617
JN210618
JN210619
JN210620
JN210621
JN210622
	JN233054
JN408880
JN408941
JN408991
JN409011
JN409044
JN409095
JN409107
JN409115
JN409128
JN409130
JN409150
JN409163
JN409166
JN409167
JN409178
JN409196
JN409204
JN409245
JN409266
	JN562560
	JN562618
JN596611
JN596628
		JN596636
JN596642
JN596651
JN596652
		JN596653
		JN596655
		JN596656
JN596657
JN596661
JN596663
JN596664
JN596666
JN596668
		JN596671
		JN596673
JN596675
JN596676
JN596677
JN596678
JN596679
JN596680
JN596681
		JN596683
JN596685
JN596699
		JN596701
JN596702
JN596705
JN596707
		JN596713
		JN596715
JN596716
JN596717
JN596718
JN596719
JN596720
		JN596721
		JN596722
		JN596723
		JN596725
JN596728
JN596736
JN596744
JN596745
JN596746
		JN596747
		JN596748
		JN596750
JN596751
JN596752
JN596753
JN596763
JN596766
JN596767
JN596768
JN596769
JN596770
JN596771
JN596772
JN596773
JN596774
JN596775
JN596776
JN596778
JN596779
JN596780
JN596781
JN596782
JN596783
JN596784
JN596785
JN596786
JN596787
JN596788
JN713473
JN835142
JQ299981
JQ299992
JQ318860
JQ318929
JQ318946
JQ515490
	JQ516272
JQ516276
	JQ516277
JQ516281
JQ516300
JQ516306
JQ516309
JQ516310
	JQ516313
JQ516350
JQ516353
	JQ612175
	JQ612182
	JQ612185
	JQ612188
	JQ612197
	JQ612203
	JQ612233
	JQ612377
	JQ678410
	JQ678471
	JQ732847
	JQ732853
	JQ844407
	JQ844408
	JQ844411
	JQ844417
	JQ844418
	JQ844419
	JQ844421
	JQ844423
	JQ844425
	JQ844426
	JQ844427
	JQ844429
	JQ844430
	JQ844431
	JQ844432
	JQ844438
	JQ844439
	JQ844441
	JQ844443
	JQ844444
	JQ844447
	JQ978591
	JX226727
	JX227061
	JX227430
	JX455570
	JX455571
	JX455573
	JX680784
	JX988628
	JX988634
	JX988635
	JX988636
	JX988656
	JX988660
	JX988680
	JX988685
	JX988691
	JX988701
	JX988703
	JX988704
KC143256
KC143282
KC200485
KC200487
KC200489
KC200490
KC200493
KC200501
KC200512
KC200514
KC200517
KC200528
KC200529
KC200533
KC200534
	KC358031
	KC861145
KF030198
KF030201
KF286001
		KF286011
	KF286018
KF286019
		KF286022
KF286023
KF286038
	KF286040
KF286045
KF286052
		KF286055
KF286064
		KF286089
		KF286094
KF286095
KF286103
		KF286106
KF286108
KF286110
		KF286117
	KF286122
		KF286125
KF286126
KF286135
		KF286136
		KF286143
KF286147
		KF286148
		KF286150
		KF286159
	KF286161
		KF286163
		KF286169
KF286174
KF286175
		KF286180
KF286181
	KF286184
		KF286187
KF286191
		KF286193
		KF286194
KF286199
		KF286202
KF286207
KF385069
KF385070
KF385153
KF385154
KF385203
KF507954
KF508558
KF508599
KF508638
KF508676
KF508690
KF508792
KF508795
KF508801
KF508802
KF508824
KF508838
KF508840
KF508858
KF508908
KF508913
KF509165
KF509200
KF509282
KF509293
KF509835
	KF585174
KF597120
		KF597121
		KF597122
		KF597123
		KF597124
		KF597125
		KF597126
VG010000
